@!@!@STARTMSG 2262:0 @!@!@
TLC2 Version 2.05 of 17 April 2013
@!@!@ENDMSG 2262 @!@!@
@!@!@STARTMSG 2187:0 @!@!@
Running in Model-Checking mode.
@!@!@ENDMSG 2187 @!@!@
@!@!@STARTMSG 2220:0 @!@!@
Starting SANY...
@!@!@ENDMSG 2220 @!@!@
Parsing file MC.tla
Parsing file SetGCD.tla
Parsing file /Users/bbeckman/Documents/toolbox/plugins/org.lamport.tlatools_1.0.0.201304250137/tla2sany/StandardModules/TLC.tla
Parsing file GCD.tla
Parsing file /Users/bbeckman/Documents/toolbox/plugins/org.lamport.tlatools_1.0.0.201304250137/tla2sany/StandardModules/Integers.tla
Parsing file /Users/bbeckman/Documents/toolbox/plugins/org.lamport.tlatools_1.0.0.201304250137/tla2sany/StandardModules/FiniteSets.tla
Parsing file /Users/bbeckman/Documents/toolbox/plugins/org.lamport.tlatools_1.0.0.201304250137/tla2sany/StandardModules/Naturals.tla
Parsing file /Users/bbeckman/Documents/toolbox/plugins/org.lamport.tlatools_1.0.0.201304250137/tla2sany/StandardModules/Sequences.tla
Semantic processing of module Naturals
Semantic processing of module Integers
Semantic processing of module GCD
Semantic processing of module Sequences
Semantic processing of module FiniteSets
Semantic processing of module SetGCD
Semantic processing of module TLC
Semantic processing of module MC
@!@!@STARTMSG 2219:0 @!@!@
SANY finished.
@!@!@ENDMSG 2219 @!@!@
@!@!@STARTMSG 2185:0 @!@!@
Starting... (2014-02-16 17:04:29)
@!@!@ENDMSG 2185 @!@!@
@!@!@STARTMSG 2212:0 @!@!@
Implied-temporal checking--satisfiability problem has 1 branches.
@!@!@ENDMSG 2212 @!@!@
@!@!@STARTMSG 2189:0 @!@!@
Computing initial states...
@!@!@ENDMSG 2189 @!@!@
@!@!@STARTMSG 2190:0 @!@!@
Finished computing initial states: 1 distinct state generated.
@!@!@ENDMSG 2190 @!@!@
@!@!@STARTMSG 2200:0 @!@!@
Progress(7) at 2014-02-16 17:04:33: 153 states generated (153 s/min), 72 distinct states found (72 ds/min), 14 states left on queue.
@!@!@ENDMSG 2200 @!@!@
@!@!@STARTMSG 2192:0 @!@!@
Checking temporal properties for the complete state space...
@!@!@ENDMSG 2192 @!@!@
@!@!@STARTMSG 2193:0 @!@!@
Model checking completed. No error has been found.
  Estimates of the probability that TLC did not check all reachable states
  because two distinct states had the same fingerprint:
  calculated (optimistic):  val = 6.4E-15
  based on the actual fingerprints:  val = 1.3E-15
@!@!@ENDMSG 2193 @!@!@
@!@!@STARTMSG 2201:0 @!@!@
The coverage statistics at 2014-02-16 17:04:39
@!@!@ENDMSG 2201 @!@!@
@!@!@STARTMSG 2221:0 @!@!@
  line 23, col 12 to line 23, col 12 of module SetGCD: 1
@!@!@ENDMSG 2221 @!@!@
@!@!@STARTMSG 2221:0 @!@!@
  line 23, col 15 to line 23, col 16 of module SetGCD: 1
@!@!@ENDMSG 2221 @!@!@
@!@!@STARTMSG 2221:0 @!@!@
  line 33, col 28 to line 33, col 56 of module SetGCD: 695
@!@!@ENDMSG 2221 @!@!@
@!@!@STARTMSG 2221:0 @!@!@
  line 34, col 24 to line 34, col 36 of module SetGCD: 695
@!@!@ENDMSG 2221 @!@!@
@!@!@STARTMSG 2221:0 @!@!@
  line 35, col 24 to line 35, col 35 of module SetGCD: 1
@!@!@ENDMSG 2221 @!@!@
@!@!@STARTMSG 2221:0 @!@!@
  line 36, col 24 to line 36, col 29 of module SetGCD: 1
@!@!@ENDMSG 2221 @!@!@
@!@!@STARTMSG 2202:0 @!@!@
End of statistics.
@!@!@ENDMSG 2202 @!@!@
@!@!@STARTMSG 2200:0 @!@!@
Progress(19) at 2014-02-16 17:04:39: 698 states generated (4315 s/min), 283 distinct states found (1749 ds/min), 0 states left on queue.
@!@!@ENDMSG 2200 @!@!@
@!@!@STARTMSG 2199:0 @!@!@
698 states generated, 283 distinct states found, 0 states left on queue.
@!@!@ENDMSG 2199 @!@!@
@!@!@STARTMSG 2194:0 @!@!@
The depth of the complete state graph search is 19.
@!@!@ENDMSG 2194 @!@!@
@!@!@STARTMSG 2186:0 @!@!@
Finished. (2014-02-16 17:04:39)
@!@!@ENDMSG 2186 @!@!@
