@!@!@STARTMSG 2262:0 @!@!@
TLC2 Version 2.05 of 17 April 2013
@!@!@ENDMSG 2262 @!@!@
@!@!@STARTMSG 2187:0 @!@!@
Running in Model-Checking mode.
@!@!@ENDMSG 2187 @!@!@
@!@!@STARTMSG 2220:0 @!@!@
Starting SANY...
@!@!@ENDMSG 2220 @!@!@
Parsing file MC.tla
Parsing file OneBitTwoProcesses.tla
Parsing file /Users/bbeckman/Documents/toolbox/plugins/org.lamport.tlatools_1.0.0.201304250137/tla2sany/StandardModules/TLC.tla
Parsing file /Users/bbeckman/Documents/toolbox/plugins/org.lamport.tlatools_1.0.0.201304250137/tla2sany/StandardModules/Integers.tla
Parsing file /Users/bbeckman/Documents/toolbox/plugins/org.lamport.tlatools_1.0.0.201304250137/tla2sany/StandardModules/Naturals.tla
Parsing file OneBitProtocol.tla
Parsing file /Users/bbeckman/Documents/toolbox/plugins/org.lamport.tlatools_1.0.0.201304250137/tla2sany/StandardModules/Sequences.tla
Semantic processing of module Naturals
Semantic processing of module Integers
Semantic processing of module OneBitProtocol
Semantic processing of module OneBitTwoProcesses
Semantic processing of module Sequences
Semantic processing of module TLC
Semantic processing of module MC
@!@!@STARTMSG 2219:0 @!@!@
SANY finished.
@!@!@ENDMSG 2219 @!@!@
@!@!@STARTMSG 2185:0 @!@!@
Starting... (2014-02-21 19:22:47)
@!@!@ENDMSG 2185 @!@!@
@!@!@STARTMSG 2212:0 @!@!@
Implied-temporal checking--satisfiability problem has 1 branches.
@!@!@ENDMSG 2212 @!@!@
@!@!@STARTMSG 2189:0 @!@!@
Computing initial states...
@!@!@ENDMSG 2189 @!@!@
@!@!@STARTMSG 2190:0 @!@!@
Finished computing initial states: 95 distinct states generated.
@!@!@ENDMSG 2190 @!@!@
@!@!@STARTMSG 2192:0 @!@!@
Checking temporal properties for the complete state space...
@!@!@ENDMSG 2192 @!@!@
@!@!@STARTMSG 2193:0 @!@!@
Model checking completed. No error has been found.
  Estimates of the probability that TLC did not check all reachable states
  because two distinct states had the same fingerprint:
  calculated (optimistic):  val = 9.8E-16
  based on the actual fingerprints:  val = 2.7E-14
@!@!@ENDMSG 2193 @!@!@
@!@!@STARTMSG 2201:0 @!@!@
The coverage statistics at 2014-02-21 19:22:48
@!@!@ENDMSG 2201 @!@!@
@!@!@STARTMSG 2221:0 @!@!@
  line 48, col 17 to line 48, col 48 of module OneBitTwoProcesses: 40
@!@!@ENDMSG 2221 @!@!@
@!@!@STARTMSG 2221:0 @!@!@
  line 49, col 17 to line 49, col 22 of module OneBitTwoProcesses: 40
@!@!@ENDMSG 2221 @!@!@
@!@!@STARTMSG 2221:0 @!@!@
  line 52, col 16 to line 52, col 45 of module OneBitTwoProcesses: 40
@!@!@ENDMSG 2221 @!@!@
@!@!@STARTMSG 2221:0 @!@!@
  line 53, col 16 to line 53, col 47 of module OneBitTwoProcesses: 40
@!@!@ENDMSG 2221 @!@!@
@!@!@STARTMSG 2221:0 @!@!@
  line 57, col 27 to line 57, col 58 of module OneBitTwoProcesses: 8
@!@!@ENDMSG 2221 @!@!@
@!@!@STARTMSG 2221:0 @!@!@
  line 59, col 38 to line 59, col 69 of module OneBitTwoProcesses: 7
@!@!@ENDMSG 2221 @!@!@
@!@!@STARTMSG 2221:0 @!@!@
  line 60, col 38 to line 60, col 69 of module OneBitTwoProcesses: 5
@!@!@ENDMSG 2221 @!@!@
@!@!@STARTMSG 2221:0 @!@!@
  line 61, col 16 to line 61, col 21 of module OneBitTwoProcesses: 20
@!@!@ENDMSG 2221 @!@!@
@!@!@STARTMSG 2221:0 @!@!@
  line 65, col 16 to line 65, col 46 of module OneBitTwoProcesses: 18
@!@!@ENDMSG 2221 @!@!@
@!@!@STARTMSG 2221:0 @!@!@
  line 66, col 16 to line 66, col 21 of module OneBitTwoProcesses: 18
@!@!@ENDMSG 2221 @!@!@
@!@!@STARTMSG 2221:0 @!@!@
  line 69, col 16 to line 69, col 43 of module OneBitTwoProcesses: 16
@!@!@ENDMSG 2221 @!@!@
@!@!@STARTMSG 2221:0 @!@!@
  line 70, col 16 to line 70, col 47 of module OneBitTwoProcesses: 16
@!@!@ENDMSG 2221 @!@!@
@!@!@STARTMSG 2221:0 @!@!@
  line 75, col 27 to line 75, col 58 of module OneBitTwoProcesses: 10
@!@!@ENDMSG 2221 @!@!@
@!@!@STARTMSG 2221:0 @!@!@
  line 76, col 27 to line 76, col 58 of module OneBitTwoProcesses: 6
@!@!@ENDMSG 2221 @!@!@
@!@!@STARTMSG 2221:0 @!@!@
  line 77, col 16 to line 77, col 21 of module OneBitTwoProcesses: 16
@!@!@ENDMSG 2221 @!@!@
@!@!@STARTMSG 2221:0 @!@!@
  line 80, col 15 to line 80, col 45 of module OneBitTwoProcesses: 40
@!@!@ENDMSG 2221 @!@!@
@!@!@STARTMSG 2221:0 @!@!@
  line 81, col 15 to line 81, col 47 of module OneBitTwoProcesses: 40
@!@!@ENDMSG 2221 @!@!@
@!@!@STARTMSG 2202:0 @!@!@
End of statistics.
@!@!@ENDMSG 2202 @!@!@
@!@!@STARTMSG 2200:0 @!@!@
Progress(1) at 2014-02-21 19:22:48: 285 states generated (48717 s/min), 95 distinct states found (16239 ds/min), 0 states left on queue.
@!@!@ENDMSG 2200 @!@!@
@!@!@STARTMSG 2199:0 @!@!@
285 states generated, 95 distinct states found, 0 states left on queue.
@!@!@ENDMSG 2199 @!@!@
@!@!@STARTMSG 2194:0 @!@!@
The depth of the complete state graph search is 1.
@!@!@ENDMSG 2194 @!@!@
@!@!@STARTMSG 2186:0 @!@!@
Finished. (2014-02-21 19:22:48)
@!@!@ENDMSG 2186 @!@!@
