@!@!@STARTMSG 2262:0 @!@!@
TLC2 Version 2.05 of 17 April 2013
@!@!@ENDMSG 2262 @!@!@
@!@!@STARTMSG 2187:0 @!@!@
Running in Model-Checking mode.
@!@!@ENDMSG 2187 @!@!@
@!@!@STARTMSG 2220:0 @!@!@
Starting SANY...
@!@!@ENDMSG 2220 @!@!@
Parsing file MC.tla
Parsing file DieHarder.tla
Parsing file /Users/bbeckman/Documents/toolbox/plugins/org.lamport.tlatools_1.0.0.201304250137/tla2sany/StandardModules/TLC.tla
Parsing file /Users/bbeckman/Documents/toolbox/plugins/org.lamport.tlatools_1.0.0.201304250137/tla2sany/StandardModules/Integers.tla
Parsing file /Users/bbeckman/Documents/toolbox/plugins/org.lamport.tlatools_1.0.0.201304250137/tla2sany/StandardModules/Naturals.tla
Parsing file /Users/bbeckman/Documents/toolbox/plugins/org.lamport.tlatools_1.0.0.201304250137/tla2sany/StandardModules/Sequences.tla
Semantic processing of module Naturals
Semantic processing of module Integers
Semantic processing of module DieHarder
Semantic processing of module Sequences
Semantic processing of module TLC
Semantic processing of module MC
@!@!@STARTMSG 2219:0 @!@!@
SANY finished.
@!@!@ENDMSG 2219 @!@!@
@!@!@STARTMSG 2185:0 @!@!@
Starting... (2014-02-17 08:22:36)
@!@!@ENDMSG 2185 @!@!@
@!@!@STARTMSG 2189:0 @!@!@
Computing initial states...
@!@!@ENDMSG 2189 @!@!@
@!@!@STARTMSG 2190:0 @!@!@
Finished computing initial states: 1 distinct state generated.
@!@!@ENDMSG 2190 @!@!@
@!@!@STARTMSG 2110:1 @!@!@
Invariant inv_139265415640321000 is violated.
@!@!@ENDMSG 2110 @!@!@
@!@!@STARTMSG 2121:1 @!@!@
The behavior up to this point is:
@!@!@ENDMSG 2121 @!@!@
@!@!@STARTMSG 2217:4 @!@!@
1: <Initial predicate>
injug = (big :> 0 @@ small :> 0)

@!@!@ENDMSG 2217 @!@!@
@!@!@STARTMSG 2217:4 @!@!@
2: <Action line 41, col 12 to line 42, col 58 of module DieHarder>
injug = (big :> 5 @@ small :> 0)

@!@!@ENDMSG 2217 @!@!@
@!@!@STARTMSG 2217:4 @!@!@
3: <Action line 45, col 12 to line 50, col 68 of module DieHarder>
injug = (big :> 2 @@ small :> 3)

@!@!@ENDMSG 2217 @!@!@
@!@!@STARTMSG 2217:4 @!@!@
4: <Action line 43, col 12 to line 44, col 48 of module DieHarder>
injug = (big :> 2 @@ small :> 0)

@!@!@ENDMSG 2217 @!@!@
@!@!@STARTMSG 2217:4 @!@!@
5: <Action line 45, col 12 to line 50, col 68 of module DieHarder>
injug = (big :> 0 @@ small :> 2)

@!@!@ENDMSG 2217 @!@!@
@!@!@STARTMSG 2217:4 @!@!@
6: <Action line 41, col 12 to line 42, col 58 of module DieHarder>
injug = (big :> 5 @@ small :> 2)

@!@!@ENDMSG 2217 @!@!@
@!@!@STARTMSG 2217:4 @!@!@
7: <Action line 45, col 12 to line 50, col 68 of module DieHarder>
injug = (big :> 4 @@ small :> 3)

@!@!@ENDMSG 2217 @!@!@
@!@!@STARTMSG 2201:0 @!@!@
The coverage statistics at 2014-02-17 08:22:37
@!@!@ENDMSG 2201 @!@!@
@!@!@STARTMSG 2221:0 @!@!@
  line 42, col 17 to line 42, col 58 of module DieHarder: 28
@!@!@ENDMSG 2221 @!@!@
@!@!@STARTMSG 2221:0 @!@!@
  line 44, col 17 to line 44, col 48 of module DieHarder: 28
@!@!@ENDMSG 2221 @!@!@
@!@!@STARTMSG 2221:0 @!@!@
  line 49, col 21 to line 50, col 68 of module DieHarder: 25
@!@!@ENDMSG 2221 @!@!@
@!@!@STARTMSG 2202:0 @!@!@
End of statistics.
@!@!@ENDMSG 2202 @!@!@
@!@!@STARTMSG 2200:0 @!@!@
Progress(8) at 2014-02-17 08:22:37: 83 states generated (207500 s/min), 16 distinct states found (40000 ds/min), 2 states left on queue.
@!@!@ENDMSG 2200 @!@!@
@!@!@STARTMSG 2199:0 @!@!@
83 states generated, 16 distinct states found, 2 states left on queue.
@!@!@ENDMSG 2199 @!@!@
@!@!@STARTMSG 2194:0 @!@!@
The depth of the complete state graph search is 8.
@!@!@ENDMSG 2194 @!@!@
@!@!@STARTMSG 2186:0 @!@!@
Finished. (2014-02-17 08:22:37)
@!@!@ENDMSG 2186 @!@!@
