@!@!@STARTMSG 2262:0 @!@!@
TLC2 Version 2.05 of 24 October 2012
@!@!@ENDMSG 2262 @!@!@
@!@!@STARTMSG 2187:0 @!@!@
Running in Model-Checking mode.
@!@!@ENDMSG 2187 @!@!@
@!@!@STARTMSG 2220:0 @!@!@
Starting SANY...
@!@!@ENDMSG 2220 @!@!@
Parsing file MC.tla
Parsing file wire.tla
Parsing file /home/rebcabin/Downloads/toolbox/plugins/org.lamport.tlatools_1.0.0.201302251534/tla2sany/StandardModules/TLC.tla
Parsing file /home/rebcabin/Downloads/toolbox/plugins/org.lamport.tlatools_1.0.0.201302251534/tla2sany/StandardModules/Integers.tla
Parsing file /home/rebcabin/Downloads/toolbox/plugins/org.lamport.tlatools_1.0.0.201302251534/tla2sany/StandardModules/Naturals.tla
Parsing file /home/rebcabin/Downloads/toolbox/plugins/org.lamport.tlatools_1.0.0.201302251534/tla2sany/StandardModules/Sequences.tla
Semantic processing of module Naturals
Semantic processing of module Integers
Semantic processing of module wire
Semantic processing of module Sequences
Semantic processing of module TLC
Semantic processing of module MC
@!@!@STARTMSG 2219:0 @!@!@
SANY finished.
@!@!@ENDMSG 2219 @!@!@
@!@!@STARTMSG 2185:0 @!@!@
Starting... (2018-10-15 13:43:42)
@!@!@ENDMSG 2185 @!@!@
@!@!@STARTMSG 2189:0 @!@!@
Computing initial states...
@!@!@ENDMSG 2189 @!@!@
@!@!@STARTMSG 2190:0 @!@!@
Finished computing initial states: 25 distinct states generated.
@!@!@ENDMSG 2190 @!@!@
@!@!@STARTMSG 2110:1 @!@!@
Invariant inv_153963622263817000 is violated.
@!@!@ENDMSG 2110 @!@!@
@!@!@STARTMSG 2121:1 @!@!@
The behavior up to this point is:
@!@!@ENDMSG 2121 @!@!@
@!@!@STARTMSG 2217:4 @!@!@
1: <Initial predicate>
/\ people = {"alice", "bob"}
/\ receiver = <<"bob", "bob">>
/\ sender = <<"alice", "alice">>
/\ acc = [alice |-> 5, bob |-> 5]
/\ amount = <<1, 5>>
/\ pc = <<"CheckFunds", "CheckFunds">>

@!@!@ENDMSG 2217 @!@!@
@!@!@STARTMSG 2217:4 @!@!@
2: <Action line 46, col 21 to line 50, col 76 of module wire>
/\ people = {"alice", "bob"}
/\ receiver = <<"bob", "bob">>
/\ sender = <<"alice", "alice">>
/\ acc = [alice |-> 5, bob |-> 5]
/\ amount = <<1, 5>>
/\ pc = <<"Withdraw", "CheckFunds">>

@!@!@ENDMSG 2217 @!@!@
@!@!@STARTMSG 2217:4 @!@!@
3: <Action line 46, col 21 to line 50, col 76 of module wire>
/\ people = {"alice", "bob"}
/\ receiver = <<"bob", "bob">>
/\ sender = <<"alice", "alice">>
/\ acc = [alice |-> 5, bob |-> 5]
/\ amount = <<1, 5>>
/\ pc = <<"Withdraw", "Withdraw">>

@!@!@ENDMSG 2217 @!@!@
@!@!@STARTMSG 2217:4 @!@!@
4: <Action line 52, col 19 to line 55, col 69 of module wire>
/\ people = {"alice", "bob"}
/\ receiver = <<"bob", "bob">>
/\ sender = <<"alice", "alice">>
/\ acc = [alice |-> 4, bob |-> 5]
/\ amount = <<1, 5>>
/\ pc = <<"Deposit", "Withdraw">>

@!@!@ENDMSG 2217 @!@!@
@!@!@STARTMSG 2217:4 @!@!@
5: <Action line 52, col 19 to line 55, col 69 of module wire>
/\ people = {"alice", "bob"}
/\ receiver = <<"bob", "bob">>
/\ sender = <<"alice", "alice">>
/\ acc = [alice |-> -1, bob |-> 5]
/\ amount = <<1, 5>>
/\ pc = <<"Deposit", "Deposit">>

@!@!@ENDMSG 2217 @!@!@
@!@!@STARTMSG 2201:0 @!@!@
The coverage statistics at 2018-10-15 13:43:42
@!@!@ENDMSG 2201 @!@!@
@!@!@STARTMSG 2221:0 @!@!@
  line 33, col 12 to line 33, col 17 of module wire: 0
@!@!@ENDMSG 2221 @!@!@
@!@!@STARTMSG 2221:0 @!@!@
  line 33, col 20 to line 33, col 22 of module wire: 0
@!@!@ENDMSG 2221 @!@!@
@!@!@STARTMSG 2221:0 @!@!@
  line 33, col 25 to line 33, col 26 of module wire: 0
@!@!@ENDMSG 2221 @!@!@
@!@!@STARTMSG 2221:0 @!@!@
  line 33, col 29 to line 33, col 34 of module wire: 0
@!@!@ENDMSG 2221 @!@!@
@!@!@STARTMSG 2221:0 @!@!@
  line 33, col 37 to line 33, col 44 of module wire: 0
@!@!@ENDMSG 2221 @!@!@
@!@!@STARTMSG 2221:0 @!@!@
  line 33, col 47 to line 33, col 52 of module wire: 0
@!@!@ENDMSG 2221 @!@!@
@!@!@STARTMSG 2221:0 @!@!@
  line 48, col 35 to line 48, col 72 of module wire: 131
@!@!@ENDMSG 2221 @!@!@
@!@!@STARTMSG 2221:0 @!@!@
  line 49, col 35 to line 49, col 68 of module wire: 32
@!@!@ENDMSG 2221 @!@!@
@!@!@STARTMSG 2221:0 @!@!@
  line 50, col 37 to line 50, col 42 of module wire: 163
@!@!@ENDMSG 2221 @!@!@
@!@!@STARTMSG 2221:0 @!@!@
  line 50, col 45 to line 50, col 47 of module wire: 163
@!@!@ENDMSG 2221 @!@!@
@!@!@STARTMSG 2221:0 @!@!@
  line 50, col 50 to line 50, col 55 of module wire: 163
@!@!@ENDMSG 2221 @!@!@
@!@!@STARTMSG 2221:0 @!@!@
  line 50, col 58 to line 50, col 65 of module wire: 163
@!@!@ENDMSG 2221 @!@!@
@!@!@STARTMSG 2221:0 @!@!@
  line 50, col 68 to line 50, col 73 of module wire: 163
@!@!@ENDMSG 2221 @!@!@
@!@!@STARTMSG 2221:0 @!@!@
  line 53, col 22 to line 53, col 91 of module wire: 114
@!@!@ENDMSG 2221 @!@!@
@!@!@STARTMSG 2221:0 @!@!@
  line 54, col 22 to line 54, col 58 of module wire: 114
@!@!@ENDMSG 2221 @!@!@
@!@!@STARTMSG 2221:0 @!@!@
  line 55, col 35 to line 55, col 40 of module wire: 114
@!@!@ENDMSG 2221 @!@!@
@!@!@STARTMSG 2221:0 @!@!@
  line 55, col 43 to line 55, col 48 of module wire: 114
@!@!@ENDMSG 2221 @!@!@
@!@!@STARTMSG 2221:0 @!@!@
  line 55, col 51 to line 55, col 58 of module wire: 114
@!@!@ENDMSG 2221 @!@!@
@!@!@STARTMSG 2221:0 @!@!@
  line 55, col 61 to line 55, col 66 of module wire: 114
@!@!@ENDMSG 2221 @!@!@
@!@!@STARTMSG 2221:0 @!@!@
  line 58, col 21 to line 58, col 94 of module wire: 67
@!@!@ENDMSG 2221 @!@!@
@!@!@STARTMSG 2221:0 @!@!@
  line 59, col 21 to line 59, col 54 of module wire: 67
@!@!@ENDMSG 2221 @!@!@
@!@!@STARTMSG 2221:0 @!@!@
  line 60, col 34 to line 60, col 39 of module wire: 67
@!@!@ENDMSG 2221 @!@!@
@!@!@STARTMSG 2221:0 @!@!@
  line 60, col 42 to line 60, col 47 of module wire: 67
@!@!@ENDMSG 2221 @!@!@
@!@!@STARTMSG 2221:0 @!@!@
  line 60, col 50 to line 60, col 57 of module wire: 67
@!@!@ENDMSG 2221 @!@!@
@!@!@STARTMSG 2221:0 @!@!@
  line 60, col 60 to line 60, col 65 of module wire: 67
@!@!@ENDMSG 2221 @!@!@
@!@!@STARTMSG 2202:0 @!@!@
End of statistics.
@!@!@ENDMSG 2202 @!@!@
@!@!@STARTMSG 2200:0 @!@!@
Progress(5) at 2018-10-15 13:43:42: 369 states generated (885600 s/min), 306 distinct states found (734400 ds/min), 126 states left on queue.
@!@!@ENDMSG 2200 @!@!@
@!@!@STARTMSG 2199:0 @!@!@
369 states generated, 306 distinct states found, 126 states left on queue.
@!@!@ENDMSG 2199 @!@!@
@!@!@STARTMSG 2194:0 @!@!@
The depth of the complete state graph search is 5.
@!@!@ENDMSG 2194 @!@!@
@!@!@STARTMSG 2186:0 @!@!@
Finished. (2018-10-15 13:43:42)
@!@!@ENDMSG 2186 @!@!@
